<?xml version="1.0" encoding="UTF-8"?>
<!-- Generated by org.testng.reporters.JUnitReportReporter -->
<testsuite hostname="LAPTOP-D6UA1CLG" failures="0" tests="1" name="Testcases.TC_001_LoginPage" time="2.539" errors="0" timestamp="2024-11-16T23:13:43 IST" skipped="0">
  <testcase classname="Testcases.TC_001_LoginPage" name="verify_Login_Functionality" time="2.539"/>
</testsuite> <!-- Testcases.TC_001_LoginPage -->
