<?xml version="1.0" encoding="UTF-8"?>
<!-- Generated by org.testng.reporters.JUnitReportReporter -->
<testsuite hostname="LAPTOP-D6UA1CLG" failures="0" tests="1" name="Testcases.TC_001_LoginPage" time="2.373" errors="0" timestamp="2024-10-26T23:25:06 IST" skipped="0">
  <testcase classname="Testcases.TC_001_LoginPage" name="verify_Login_Functionality" time="2.373"/>
</testsuite> <!-- Testcases.TC_001_LoginPage -->
