<?xml version="1.0" encoding="UTF-8"?>
<!-- Generated by org.testng.reporters.JUnitReportReporter -->
<testsuite hostname="LAPTOP-D6UA1CLG" failures="0" tests="2" name="Testcases.TC_003_Crossbrowser" time="67.248" errors="0" timestamp="2024-11-02T20:37:07 IST" skipped="0">
  <testcase classname="Testcases.TC_003_Crossbrowser" name="verifyLogin" time="29.610"/>
  <testcase classname="Testcases.TC_003_Crossbrowser" name="verifyLogin" time="37.638"/>
</testsuite> <!-- Testcases.TC_003_Crossbrowser -->
