<?xml version="1.0" encoding="UTF-8"?>
<!-- Generated by org.testng.reporters.JUnitReportReporter -->
<testsuite hostname="LAPTOP-D6UA1CLG" failures="0" tests="2" name="Testcases.TC_003_Crossbrowser" time="33.518" errors="0" timestamp="2024-11-15T23:35:06 IST" skipped="0">
  <testcase classname="Testcases.TC_003_Crossbrowser" name="verifyLogin" time="17.562"/>
  <testcase classname="Testcases.TC_003_Crossbrowser" name="verifyLogin" time="15.956"/>
</testsuite> <!-- Testcases.TC_003_Crossbrowser -->
