<?xml version="1.0" encoding="UTF-8"?>
<!-- Generated by org.testng.reporters.JUnitReportReporter -->
<testsuite hostname="LAPTOP-D6UA1CLG" failures="0" tests="1" name="Testcases.TC_002_Loginpage" time="7.381" errors="0" timestamp="2024-10-27T00:03:19 IST" skipped="0">
  <testcase classname="Testcases.TC_002_Loginpage" name="Verify_Login_Functionality" time="7.381"/>
</testsuite> <!-- Testcases.TC_002_Loginpage -->
